0 info it worked if it ends with ok
1 verbose cli [ '/usr/local/bin/node', '/usr/local/bin/npm', 'publish' ]
2 info using npm@1.4.28
3 info using node@v0.10.32
4 verbose node symlink /usr/local/bin/node
5 verbose publish [ '.' ]
6 verbose cache add [ '.', null ]
7 verbose cache add name=undefined spec="." args=[".",null]
8 verbose parsed url { protocol: null,
8 verbose parsed url   slashes: null,
8 verbose parsed url   auth: null,
8 verbose parsed url   host: null,
8 verbose parsed url   port: null,
8 verbose parsed url   hostname: null,
8 verbose parsed url   hash: null,
8 verbose parsed url   search: null,
8 verbose parsed url   query: null,
8 verbose parsed url   pathname: '.',
8 verbose parsed url   path: '.',
8 verbose parsed url   href: '.' }
9 silly lockFile 3a52ce78- .
10 verbose lock . /home/stavri/.npm/3a52ce78-.lock
11 verbose tar pack [ '/home/stavri/.npm/matchesparser/1.0.0/package.tgz', '.' ]
12 verbose tarball /home/stavri/.npm/matchesparser/1.0.0/package.tgz
13 verbose folder .
14 info prepublish matchesparser@1.0.0
15 silly lockFile 1f1177db-tar tar://.
16 verbose lock tar://. /home/stavri/.npm/1f1177db-tar.lock
17 silly lockFile 6340d933--matchesparser-1-0-0-package-tgz tar:///home/stavri/.npm/matchesparser/1.0.0/package.tgz
18 verbose lock tar:///home/stavri/.npm/matchesparser/1.0.0/package.tgz /home/stavri/.npm/6340d933--matchesparser-1-0-0-package-tgz.lock
19 silly lockFile 1f1177db-tar tar://.
20 silly lockFile 1f1177db-tar tar://.
21 silly lockFile 6340d933--matchesparser-1-0-0-package-tgz tar:///home/stavri/.npm/matchesparser/1.0.0/package.tgz
22 silly lockFile 6340d933--matchesparser-1-0-0-package-tgz tar:///home/stavri/.npm/matchesparser/1.0.0/package.tgz
23 silly lockFile 1f1286c9--npm-matchesparser-1-0-0-package /home/stavri/.npm/matchesparser/1.0.0/package
24 verbose lock /home/stavri/.npm/matchesparser/1.0.0/package /home/stavri/.npm/1f1286c9--npm-matchesparser-1-0-0-package.lock
25 silly lockFile 1f1286c9--npm-matchesparser-1-0-0-package /home/stavri/.npm/matchesparser/1.0.0/package
26 silly lockFile 1f1286c9--npm-matchesparser-1-0-0-package /home/stavri/.npm/matchesparser/1.0.0/package
27 silly lockFile 3a52ce78- .
28 silly lockFile 3a52ce78- .
29 silly publish { name: 'matchesparser',
29 silly publish   version: '1.0.0',
29 silly publish   description: 'Parse Matches and add to meteor mongoDB',
29 silly publish   main: 'index.js',
29 silly publish   scripts: { test: 'echo "Error: no test specified" && exit 1' },
29 silly publish   repository:
29 silly publish    { type: 'git',
29 silly publish      url: 'https://github.com/schampilomatis/MatchesParser' },
29 silly publish   author: '',
29 silly publish   license: 'ISC',
29 silly publish   bugs: { url: 'https://github.com/schampilomatis/MatchesParser/issues' },
29 silly publish   homepage: 'https://github.com/schampilomatis/MatchesParser',
29 silly publish   dependencies: { jsdom: '^1.2.1', mongodb: '^1.4.20' },
29 silly publish   readme: 'ERROR: No README data found!',
29 silly publish   _id: 'matchesparser@1.0.0',
29 silly publish   _shasum: 'ab130614e3b409572b811c1d991695cf05d3805a',
29 silly publish   _from: '.' }
30 verbose request where is /matchesparser
31 verbose request registry https://registry.npmjs.org/
32 verbose request id 70a03dadb4da9432
33 verbose url raw /matchesparser
34 verbose url resolving [ 'https://registry.npmjs.org/', './matchesparser' ]
35 verbose url resolved https://registry.npmjs.org/matchesparser
36 verbose request where is https://registry.npmjs.org/matchesparser
37 info trying registry request attempt 1 at 16:23:51
38 http PUT https://registry.npmjs.org/matchesparser
39 http 403 https://registry.npmjs.org/matchesparser
40 verbose headers { date: 'Sun, 16 Nov 2014 15:23:54 GMT',
40 verbose headers   server: 'CouchDB/1.5.0 (Erlang OTP/R16B03)',
40 verbose headers   'content-type': 'application/json',
40 verbose headers   'cache-control': 'max-age=60',
40 verbose headers   'content-length': '2119',
40 verbose headers   'accept-ranges': 'bytes',
40 verbose headers   via: '1.1 varnish',
40 verbose headers   'x-served-by': 'cache-fra1234-FRA',
40 verbose headers   'x-cache': 'MISS',
40 verbose headers   'x-cache-hits': '0',
40 verbose headers   'x-timer': 'S1416151433.935695,VS0,VE681',
40 verbose headers   'keep-alive': 'timeout=10, max=50',
40 verbose headers   connection: 'Keep-Alive' }
41 error publish Failed PUT 403
42 error Error: forbidden cannot modify pre-existing version: 1.0.0
42 error old={"name":"matchesparser","version":"1.0.0","description":"Parse Matches and add to meteor mongoDB","main":"index.js","scripts":{"test":"echo \"Error: no test specified\" && exit 1"},"repository":{"type":"git","url":"https://github.com/schampilomatis/MatchesParser"},"author":"","license":"ISC","bugs":{"url":"https://github.com/schampilomatis/MatchesParser/issues"},"homepage":"https://github.com/schampilomatis/MatchesParser","dependencies":{"jsdom":"^1.2.1","mongodb":"^1.4.20"},"_id":"matchesparser@1.0.0","_shasum":"9ff6c1540f7fbb1dbb609d2c133965810d08d403","_from":".","_npmVersion":"1.4.28","_npmUser":{"name":"schampilomatis","email":"schampilomatis@gmail.com"},"maintainers":[{"name":"schampilomatis","email":"schampilomatis@gmail.com"}],"dist":{"shasum":"9ff6c1540f7fbb1dbb609d2c133965810d08d403","tarball":"http://registry.npmjs.org/matchesparser/-/matchesparser-1.0.0.tgz"}}
42 error new={"name":"matchesparser","version":"1.0.0","description":"Parse Matches and add to meteor mongoDB","main":"index.js","scripts":{"test":"echo \"Error: no test specified\" && exit 1"},"repository":{"type":"git","url":"https://github.com/schampilomatis/MatchesParser"},"author":"","license":"ISC","bugs":{"url":"https://github.com/schampilomatis/MatchesParser/issues"},"homepage":"https://github.com/schampilomatis/MatchesParser","dependencies":{"jsdom":"^1.2.1","mongodb":"^1.4.20"},"readme":"ERROR: No README data found!","_id":"matchesparser@1.0.0","_shasum":"ab130614e3b409572b811c1d991695cf05d3805a","_from":".","_npmVersion":"1.4.28","_npmUser":{"name":"schampilomatis","email":"schampilomatis@gmail.com"},"maintainers":[{"name":"schampilomatis","email":"schampilomatis@gmail.com"}],"dist":{"shasum":"ab130614e3b409572b811c1d991695cf05d3805a","tarball":"http://registry.npmjs.org/matchesparser/-/matchesparser-1.0.0.tgz"}}: matchesparser
42 error     at RegClient.<anonymous> (/usr/local/lib/node_modules/npm/node_modules/npm-registry-client/lib/request.js:308:14)
42 error     at Request._callback (/usr/local/lib/node_modules/npm/node_modules/npm-registry-client/lib/request.js:246:65)
42 error     at Request.self.callback (/usr/local/lib/node_modules/npm/node_modules/request/request.js:236:22)
42 error     at Request.emit (events.js:98:17)
42 error     at Request.<anonymous> (/usr/local/lib/node_modules/npm/node_modules/request/request.js:1142:14)
42 error     at Request.emit (events.js:117:20)
42 error     at IncomingMessage.<anonymous> (/usr/local/lib/node_modules/npm/node_modules/request/request.js:1096:12)
42 error     at IncomingMessage.emit (events.js:117:20)
42 error     at _stream_readable.js:943:16
42 error     at process._tickCallback (node.js:419:13)
43 error If you need help, you may report this *entire* log,
43 error including the npm and node versions, at:
43 error     <http://github.com/npm/npm/issues>
44 error System Linux 3.13.0-39-generic
45 error command "/usr/local/bin/node" "/usr/local/bin/npm" "publish"
46 error cwd /home/stavri/Desktop/nodejs/MatchesParser
47 error node -v v0.10.32
48 error npm -v 1.4.28
49 verbose exit [ 1, true ]
